<?xml version="1.0" encoding="UTF-8"?>
<testsuite xmlns:xsi="http://www.w3.org/2001/XMLSchema-instance" xsi:noNamespaceSchemaLocation="https://maven.apache.org/surefire/maven-surefire-plugin/xsd/surefire-test-report.xsd" name="com.learning.CalculatorTest" time="0.023" tests="1" errors="0" skipped="0" failures="1">
  <properties>
[...]
</properties>
  <testcase name="add" classname="com.learning.CalculatorTest" time="0.016">
    <failure message="expected: &lt;2&gt; but was: &lt;20&gt;" type="org.opentest4j.AssertionFailedError"><![CDATA[org.opentest4j.AssertionFailedError: expected: <2> but was: <20>
	at com.learning.CalculatorTest.add(CalculatorTest.java:15)
]]></failure>
  </testcase>
</testsuite>